<?xml version="1.0" encoding="UTF-8"?>
<!-- Generated by org.testng.reporters.JUnitReportReporter -->
<testsuite hostname="DESKTOP-PGAMJ4I" failures="0" tests="1" name="com.demo.tests.web.base.homepage.HomePageTest" time="15.113" errors="0" timestamp="2023-01-30T14:59:17 IST" skipped="0">
  <testcase classname="com.demo.tests.web.base.homepage.HomePageTest" name="testHomePageComponents" time="15.113"/>
  <system-out/>
</testsuite> <!-- com.demo.tests.web.base.homepage.HomePageTest -->
