<?xml version="1.0" encoding="UTF-8"?>
<!-- Generated by org.testng.reporters.JUnitReportReporter -->
<testsuite hostname="DESKTOP-PGAMJ4I" failures="0" tests="1" name="com.tmb.tests.web.base.homepage.HomePageTest" time="18.687" errors="0" timestamp="2023-01-29T21:23:14 IST" skipped="0">
  <testcase classname="com.tmb.tests.web.base.homepage.HomePageTest" name="testHomePageComponents" time="18.687"/>
  <system-out/>
</testsuite> <!-- com.tmb.tests.web.base.homepage.HomePageTest -->
